<?xml version="1.0" encoding="UTF-8"?>
<testsuite name="com.petscare.tests.PetTests" tests="2" skipped="0" failures="0" errors="0" timestamp="2025-02-04T14:42:52" hostname="DESKTOP-6OJ2VFB" time="4.607">
  <properties/>
  <testcase name="deletePetTest" classname="com.petscare.tests.PetTests" time="0.684"/>
  <testcase name="testAddNewPet" classname="com.petscare.tests.PetTests" time="0.877"/>
  <system-out><![CDATA[]]></system-out>
  <system-err><![CDATA[февр. 04, 2025 3:42:49 PM org.openqa.selenium.manager.SeleniumManager lambda$runCommand$1
WARNING: The chromedriver version (131.0.6778.69) detected in PATH at C:\Tools\chromedriver.exe might not be compatible with the detected chrome version (132.0.6834.160); currently, chromedriver 132.0.6834.159 is recommended for chrome 132.*, so it is advised to delete the driver in PATH and retry
февр. 04, 2025 3:42:50 PM org.openqa.selenium.devtools.CdpVersionFinder findNearestMatch
WARNING: Unable to find an exact match for CDP version 132, returning the closest version; found: 131; Please update to a Selenium version that supports CDP version 132
февр. 04, 2025 3:42:53 PM org.openqa.selenium.manager.SeleniumManager lambda$runCommand$1
WARNING: The chromedriver version (131.0.6778.69) detected in PATH at C:\Tools\chromedriver.exe might not be compatible with the detected chrome version (132.0.6834.160); currently, chromedriver 132.0.6834.159 is recommended for chrome 132.*, so it is advised to delete the driver in PATH and retry
февр. 04, 2025 3:42:54 PM org.openqa.selenium.devtools.CdpVersionFinder findNearestMatch
WARNING: Unable to find an exact match for CDP version 132, returning the closest version; found: 131; Please update to a Selenium version that supports CDP version 132
]]></system-err>
</testsuite>
