<?xml version="1.0" encoding="UTF-8"?>
<testsuite name="com.petscare.tests.RegistrationTests" tests="6" skipped="0" failures="0" errors="0" timestamp="2025-02-01T18:10:06" hostname="Mac.fritz.box" time="8.955">
  <properties/>
  <testcase name="newUserRegistrationNegativeTest[0](Alex, Pereira, pereira@gmail.com, Pereira123!)" classname="com.petscare.tests.RegistrationTests" time="0.37"/>
  <testcase name="registrationWithInvalidEmailNegativeTest[0](Alex, Pereira, pereiragmail.com, Admin123!)" classname="com.petscare.tests.RegistrationTests" time="0.311"/>
  <testcase name="registrationWithInvalidPasswordNegativeTest[0](Alex, Pereira, pereira@gmail.com, 11111111111)" classname="com.petscare.tests.RegistrationTests" time="0.333"/>
  <testcase name="registrationWithoutCheckboxesNegativeTest[0](Alex, Pereira, pereira@gmail.com, Admin123!)" classname="com.petscare.tests.RegistrationTests" time="0.255"/>
  <testcase name="registrationWithoutFirstNameNegativeTest[0](, Pereira, pereira@gmail.com, Admin123!)" classname="com.petscare.tests.RegistrationTests" time="0.322"/>
  <testcase name="registrationWithoutLastNameNegativeTest[0](Alex, , pereira@gmail.com, Admin123!)" classname="com.petscare.tests.RegistrationTests" time="0.293"/>
  <system-out><![CDATA[]]></system-out>
  <system-err><![CDATA[февр. 01, 2025 7:10:05 PM org.openqa.selenium.manager.SeleniumManager lambda$runCommand$1
WARNING: The chromedriver version (131.0.6778.69) detected in PATH at /Users/monk/Tools/chromedriver might not be compatible with the detected chrome version (132.0.6834.160); currently, chromedriver 132.0.6834.159 is recommended for chrome 132.*, so it is advised to delete the driver in PATH and retry
февр. 01, 2025 7:10:06 PM org.openqa.selenium.devtools.CdpVersionFinder findNearestMatch
WARNING: Unable to find an exact match for CDP version 132, returning the closest version; found: 131; Please update to a Selenium version that supports CDP version 132
февр. 01, 2025 7:10:07 PM org.openqa.selenium.manager.SeleniumManager lambda$runCommand$1
WARNING: The chromedriver version (131.0.6778.69) detected in PATH at /Users/monk/Tools/chromedriver might not be compatible with the detected chrome version (132.0.6834.160); currently, chromedriver 132.0.6834.159 is recommended for chrome 132.*, so it is advised to delete the driver in PATH and retry
февр. 01, 2025 7:10:07 PM org.openqa.selenium.devtools.CdpVersionFinder findNearestMatch
WARNING: Unable to find an exact match for CDP version 132, returning the closest version; found: 131; Please update to a Selenium version that supports CDP version 132
февр. 01, 2025 7:10:09 PM org.openqa.selenium.manager.SeleniumManager lambda$runCommand$1
WARNING: The chromedriver version (131.0.6778.69) detected in PATH at /Users/monk/Tools/chromedriver might not be compatible with the detected chrome version (132.0.6834.160); currently, chromedriver 132.0.6834.159 is recommended for chrome 132.*, so it is advised to delete the driver in PATH and retry
февр. 01, 2025 7:10:09 PM org.openqa.selenium.devtools.CdpVersionFinder findNearestMatch
WARNING: Unable to find an exact match for CDP version 132, returning the closest version; found: 131; Please update to a Selenium version that supports CDP version 132
февр. 01, 2025 7:10:10 PM org.openqa.selenium.manager.SeleniumManager lambda$runCommand$1
WARNING: The chromedriver version (131.0.6778.69) detected in PATH at /Users/monk/Tools/chromedriver might not be compatible with the detected chrome version (132.0.6834.160); currently, chromedriver 132.0.6834.159 is recommended for chrome 132.*, so it is advised to delete the driver in PATH and retry
февр. 01, 2025 7:10:11 PM org.openqa.selenium.devtools.CdpVersionFinder findNearestMatch
WARNING: Unable to find an exact match for CDP version 132, returning the closest version; found: 131; Please update to a Selenium version that supports CDP version 132
февр. 01, 2025 7:10:12 PM org.openqa.selenium.manager.SeleniumManager lambda$runCommand$1
WARNING: The chromedriver version (131.0.6778.69) detected in PATH at /Users/monk/Tools/chromedriver might not be compatible with the detected chrome version (132.0.6834.160); currently, chromedriver 132.0.6834.159 is recommended for chrome 132.*, so it is advised to delete the driver in PATH and retry
февр. 01, 2025 7:10:13 PM org.openqa.selenium.devtools.CdpVersionFinder findNearestMatch
WARNING: Unable to find an exact match for CDP version 132, returning the closest version; found: 131; Please update to a Selenium version that supports CDP version 132
февр. 01, 2025 7:10:14 PM org.openqa.selenium.manager.SeleniumManager lambda$runCommand$1
WARNING: The chromedriver version (131.0.6778.69) detected in PATH at /Users/monk/Tools/chromedriver might not be compatible with the detected chrome version (132.0.6834.160); currently, chromedriver 132.0.6834.159 is recommended for chrome 132.*, so it is advised to delete the driver in PATH and retry
февр. 01, 2025 7:10:14 PM org.openqa.selenium.devtools.CdpVersionFinder findNearestMatch
WARNING: Unable to find an exact match for CDP version 132, returning the closest version; found: 131; Please update to a Selenium version that supports CDP version 132
]]></system-err>
</testsuite>
