<?xml version="1.0" encoding="UTF-8"?>
<testsuite name="com.petscare.tests.LoginPageTests" tests="2" skipped="0" failures="0" errors="0" timestamp="2025-02-05T15:45:16" hostname="Mac.fritz.box" time="2.79">
  <properties/>
  <testcase name="testLoginWithValidDataPositiveTest[0](UserData{email='admin@admin.com', password='admin', role='admin'})" classname="com.petscare.tests.LoginPageTests" time="0.698"/>
  <testcase name="testLoginWithValidDataPositiveTest[1](UserData{email='Romaykin@admin.com', password='0682620798Ro@', role='user'})" classname="com.petscare.tests.LoginPageTests" time="0.666"/>
  <system-out><![CDATA[]]></system-out>
  <system-err><![CDATA[февр. 05, 2025 4:45:14 PM org.openqa.selenium.manager.SeleniumManager lambda$runCommand$1
WARNING: The chromedriver version (131.0.6778.69) detected in PATH at /Users/monk/Tools/chromedriver might not be compatible with the detected chrome version (132.0.6834.160); currently, chromedriver 132.0.6834.159 is recommended for chrome 132.*, so it is advised to delete the driver in PATH and retry
февр. 05, 2025 4:45:17 PM org.openqa.selenium.manager.SeleniumManager lambda$runCommand$1
WARNING: The chromedriver version (131.0.6778.69) detected in PATH at /Users/monk/Tools/chromedriver might not be compatible with the detected chrome version (132.0.6834.160); currently, chromedriver 132.0.6834.159 is recommended for chrome 132.*, so it is advised to delete the driver in PATH and retry
]]></system-err>
</testsuite>
