<?xml version="1.0" encoding="UTF-8"?>
<testsuite name="com.petscare.tests.LoginPageTests" tests="6" skipped="0" failures="0" errors="0" timestamp="2025-02-01T18:09:57" hostname="Mac.fritz.box" time="8.449">
  <properties/>
  <testcase name="testEmptyFieldsValidationNegativeTest[0](, )" classname="com.petscare.tests.LoginPageTests" time="0.217"/>
  <testcase name="testEmptyFieldsValidationNegativeTest[1](validemail@example.com, )" classname="com.petscare.tests.LoginPageTests" time="0.186"/>
  <testcase name="testEmptyFieldsValidationNegativeTest[2](, validpassword)" classname="com.petscare.tests.LoginPageTests" time="0.187"/>
  <testcase name="testLoginWithInvalidDataNegativeTest[0](UserData{email='invalid_email@example.com', password='wrongpassword', role='user'})" classname="com.petscare.tests.LoginPageTests" time="0.221"/>
  <testcase name="testLoginWithInvalidDataNegativeTest[1](UserData{email='admin@admin.com', password='wrongpassword', role='admin'})" classname="com.petscare.tests.LoginPageTests" time="0.332"/>
  <testcase name="testLoginWithInvalidDataNegativeTest[2](UserData{email='user@user.com', password='wrongpassword', role='user'})" classname="com.petscare.tests.LoginPageTests" time="0.217"/>
  <system-out><![CDATA[]]></system-out>
  <system-err><![CDATA[февр. 01, 2025 7:09:55 PM org.openqa.selenium.manager.SeleniumManager lambda$runCommand$1
WARNING: The chromedriver version (131.0.6778.69) detected in PATH at /Users/monk/Tools/chromedriver might not be compatible with the detected chrome version (132.0.6834.160); currently, chromedriver 132.0.6834.159 is recommended for chrome 132.*, so it is advised to delete the driver in PATH and retry
февр. 01, 2025 7:09:56 PM org.openqa.selenium.devtools.CdpVersionFinder findNearestMatch
WARNING: Unable to find an exact match for CDP version 132, returning the closest version; found: 131; Please update to a Selenium version that supports CDP version 132
февр. 01, 2025 7:09:57 PM org.openqa.selenium.manager.SeleniumManager lambda$runCommand$1
WARNING: The chromedriver version (131.0.6778.69) detected in PATH at /Users/monk/Tools/chromedriver might not be compatible with the detected chrome version (132.0.6834.160); currently, chromedriver 132.0.6834.159 is recommended for chrome 132.*, so it is advised to delete the driver in PATH and retry
февр. 01, 2025 7:09:57 PM org.openqa.selenium.devtools.CdpVersionFinder findNearestMatch
WARNING: Unable to find an exact match for CDP version 132, returning the closest version; found: 131; Please update to a Selenium version that supports CDP version 132
февр. 01, 2025 7:09:59 PM org.openqa.selenium.manager.SeleniumManager lambda$runCommand$1
WARNING: The chromedriver version (131.0.6778.69) detected in PATH at /Users/monk/Tools/chromedriver might not be compatible with the detected chrome version (132.0.6834.160); currently, chromedriver 132.0.6834.159 is recommended for chrome 132.*, so it is advised to delete the driver in PATH and retry
февр. 01, 2025 7:09:59 PM org.openqa.selenium.devtools.CdpVersionFinder findNearestMatch
WARNING: Unable to find an exact match for CDP version 132, returning the closest version; found: 131; Please update to a Selenium version that supports CDP version 132
февр. 01, 2025 7:10:00 PM org.openqa.selenium.manager.SeleniumManager lambda$runCommand$1
WARNING: The chromedriver version (131.0.6778.69) detected in PATH at /Users/monk/Tools/chromedriver might not be compatible with the detected chrome version (132.0.6834.160); currently, chromedriver 132.0.6834.159 is recommended for chrome 132.*, so it is advised to delete the driver in PATH and retry
февр. 01, 2025 7:10:01 PM org.openqa.selenium.devtools.CdpVersionFinder findNearestMatch
WARNING: Unable to find an exact match for CDP version 132, returning the closest version; found: 131; Please update to a Selenium version that supports CDP version 132
февр. 01, 2025 7:10:02 PM org.openqa.selenium.manager.SeleniumManager lambda$runCommand$1
WARNING: The chromedriver version (131.0.6778.69) detected in PATH at /Users/monk/Tools/chromedriver might not be compatible with the detected chrome version (132.0.6834.160); currently, chromedriver 132.0.6834.159 is recommended for chrome 132.*, so it is advised to delete the driver in PATH and retry
февр. 01, 2025 7:10:02 PM org.openqa.selenium.devtools.CdpVersionFinder findNearestMatch
WARNING: Unable to find an exact match for CDP version 132, returning the closest version; found: 131; Please update to a Selenium version that supports CDP version 132
февр. 01, 2025 7:10:04 PM org.openqa.selenium.manager.SeleniumManager lambda$runCommand$1
WARNING: The chromedriver version (131.0.6778.69) detected in PATH at /Users/monk/Tools/chromedriver might not be compatible with the detected chrome version (132.0.6834.160); currently, chromedriver 132.0.6834.159 is recommended for chrome 132.*, so it is advised to delete the driver in PATH and retry
февр. 01, 2025 7:10:04 PM org.openqa.selenium.devtools.CdpVersionFinder findNearestMatch
WARNING: Unable to find an exact match for CDP version 132, returning the closest version; found: 131; Please update to a Selenium version that supports CDP version 132
]]></system-err>
</testsuite>
